Arguments: 
  C:\Program Files\nodejs\node.exe C:\Users\ihass\AppData\Roaming\npm\node_modules\yarn\bin\yarn.js install

PATH: 
  D:\Oracle\app\oracle\product\11.2.0\server\bin;C:\Python310\Scripts\;C:\Python310\;C:\Windows\system32;C:\Windows;C:\Windows\System32\Wbem;C:\Windows\System32\WindowsPowerShell\v1.0\;C:\Windows\System32\OpenSSH\;C:\Program Files\Microsoft SQL Server\130\Tools\Binn\;C:\ProgramData\chocolatey\bin;C:\Program Files\OpenJDK\openjdk-8u292-b10\bin;C:\Program Files\CMake\bin;C:\Users\ihass\AppData\Local\Programs\Python\Python39;C:\Users\ihass\AppData\Local\Programs\Python\Python39\Scripts;C:\Program Files\Git\cmd;C:\Program Files\nodejs\;C:\Program Files\dotnet\;D:\Xampp\php;C:\instantclient_11_2;D:\Xampp\mysql\bin;C:\Users\ihass\AppData\Local\Microsoft\WindowsApps;C:\Users\ihass\AppData\Local\Programs\Microsoft VS Code\bin;C:\Users\ihass\.dotnet\tools;C:\Users\ihass\AppData\Local\Android\Sdk\platform-tools;C:\Program Files\CMake\bin;C:\Users\ihass\AppData\Local\Programs\Python\Python39;C:\Users\ihass\AppData\Local\Programs\Python\Python39\Scripts;C:\Program Files\JetBrains\PyCharm Community Edition 2021.1.3\bin;;D:\Development\flutter\bin;C:\Program Files\Android\Android Studio\jre\bin;C:\Users\ihass\AppData\Roaming\npm;C:\Users\ihass\AppData\Local\GitHubDesktop\bin;C:\Users\ihass\composer;C:\Users\ihass\AppData\Roaming\Composer\vendor\bin

Yarn version: 
  1.22.17

Node version: 
  16.13.1

Platform: 
  win32 x64

Trace: 
  Error: EPERM: operation not permitted, unlink 'D:\RopstamSolution\ropstamTask\node_modules\@react-navigation\core\node_modules\escape-string-regexp'

npm manifest: 
  {
    "name": "ropstamtask",
    "version": "1.0.0",
    "main": "node_modules/expo/AppEntry.js",
    "scripts": {
      "start": "expo start",
      "android": "expo start --android",
      "ios": "expo start --ios",
      "web": "expo start --web",
      "eject": "expo eject"
    },
    "dependencies": {
      "@expo/vector-icons": "^13.0.0",
      "@react-native-async-storage/async-storage": "~1.17.3",
      "@react-navigation/native": "^6.0.11",
      "@react-navigation/stack": "^6.2.2",
      "expo": "~45.0.0",
      "expo-linear-gradient": "~11.3.0",
      "expo-status-bar": "~1.3.0",
      "formik": "^2.2.9",
      "react": "17.0.2",
      "react-dom": "17.0.2",
      "react-native": "0.68.2",
      "react-native-axios": "^0.17.1",
      "react-native-gesture-handler": "~2.2.1",
      "react-native-reanimated": "~2.8.0",
      "react-native-safe-area-context": "4.2.4",
      "react-native-screens": "~3.11.1",
      "react-native-web": "0.17.7",
      "yup": "^0.32.11"
    },
    "devDependencies": {
      "@babel/core": "^7.12.9"
    },
    "private": true
  }

yarn manifest: 
  No manifest

Lockfile: 
  No lockfile
